[     130ms] [ERROR] Failed to load resource: the server responded with a status of 404 (Not Found) @ http://localhost:4321/fonts/trial/PPNeueMontreal-SemiBold.otf:0
[     139ms] [WARNING] SplitText called before fonts loaded @ http://localhost:4321/node_modules/.vite/deps/gsap_SplitText.js?v=9ba9bd0c:298
[     147ms] [WARNING] SplitText called before fonts loaded @ http://localhost:4321/node_modules/.vite/deps/gsap_SplitText.js?v=9ba9bd0c:298
[     208ms] TypeError: jsxDEV is not a function
    at HeroCanvas (http://localhost:4321/src/components/HeroCanvas.jsx:310:26)
    at renderWithHooks (http://localhost:4321/node_modules/.vite/deps/@astrojs_react_client__js.js?v=e7df7cff:3521:25)
    at updateFunctionComponent (http://localhost:4321/node_modules/.vite/deps/@astrojs_react_client__js.js?v=e7df7cff:5152:19)
    at beginWork (http://localhost:4321/node_modules/.vite/deps/@astrojs_react_client__js.js?v=e7df7cff:5763:18)
    at performUnitOfWork (http://localhost:4321/node_modules/.vite/deps/@astrojs_react_client__js.js?v=e7df7cff:8568:18)
    at workLoopSync (http://localhost:4321/node_modules/.vite/deps/@astrojs_react_client__js.js?v=e7df7cff:8466:41)
    at renderRootSync (http://localhost:4321/node_modules/.vite/deps/@astrojs_react_client__js.js?v=e7df7cff:8450:11)
    at performWorkOnRoot (http://localhost:4321/node_modules/.vite/deps/@astrojs_react_client__js.js?v=e7df7cff:8125:44)
    at performWorkOnRootViaSchedulerTask (http://localhost:4321/node_modules/.vite/deps/@astrojs_react_client__js.js?v=e7df7cff:9129:7)
    at MessagePort.performWorkUntilDeadline (http://localhost:4321/node_modules/.vite/deps/@astrojs_react_client__js.js?v=e7df7cff:123:48)
[   24045ms] [ERROR] WebSocket connection to 'ws://localhost:4321/' failed: Error in connection establishment: net::ERR_CONNECTION_REFUSED @ http://localhost:4321/@vite/client:1766
[   27796ms] [ERROR] Failed to load resource: the server responded with a status of 404 (Not Found) @ http://localhost:4321/fonts/trial/PPNeueMontreal-SemiBold.otf:0
[   27799ms] [ERROR] Failed to load resource: the server responded with a status of 504 (Outdated Optimize Dep) @ http://localhost:4321/node_modules/.vite/deps/gsap_SplitText.js?v=79bd2512:0
[   27799ms] [ERROR] Failed to load resource: the server responded with a status of 504 (Outdated Optimize Dep) @ http://localhost:4321/node_modules/.vite/deps/gsap.js?v=0f172ed2:0
[   27800ms] [ERROR] Failed to load resource: the server responded with a status of 504 (Outdated Optimize Dep) @ http://localhost:4321/node_modules/.vite/deps/gsap_ScrollTrigger.js?v=416f8ee1:0
[   27805ms] [ERROR] Failed to load resource: the server responded with a status of 504 (Outdated Optimize Dep) @ http://localhost:4321/node_modules/.vite/deps/lenis.js?v=2cf89d1f:0
[   27807ms] [ERROR] Failed to load resource: the server responded with a status of 504 (Outdated Optimize Dep) @ http://localhost:4321/node_modules/.vite/deps/@astrojs_react_client__js.js?v=0a236ba4:0
[   27807ms] [ERROR] [astro-island] Error hydrating /src/components/HeroCanvas.jsx TypeError: Failed to fetch dynamically imported module: http://localhost:4321/node_modules/.vite/deps/@astrojs_react_client__js.js?v=0a236ba4 @ http://localhost:4321/:565
[   27831ms] [ERROR] Failed to load resource: the server responded with a status of 504 (Outdated Optimize Dep) @ http://localhost:4321/node_modules/.vite/deps/react_jsx-dev-runtime.js?v=0a236ba4:0
[   27831ms] [ERROR] Failed to load resource: the server responded with a status of 504 (Outdated Optimize Dep) @ http://localhost:4321/node_modules/.vite/deps/three.js?v=c8fa5ae8:0
[   27832ms] [ERROR] Failed to load resource: the server responded with a status of 504 (Outdated Optimize Dep) @ http://localhost:4321/node_modules/.vite/deps/react.js?v=0a236ba4:0
[   27842ms] [ERROR] Failed to load resource: the server responded with a status of 504 (Outdated Optimize Dep) @ http://localhost:4321/node_modules/.vite/deps/three_examples_jsm_postprocessing_EffectComposer__js.js?v=adc3c6e2:0
[   27842ms] [ERROR] Failed to load resource: the server responded with a status of 504 (Outdated Optimize Dep) @ http://localhost:4321/node_modules/.vite/deps/three_examples_jsm_postprocessing_RenderPass__js.js?v=c6061394:0
[   27842ms] [ERROR] Failed to load resource: the server responded with a status of 504 (Outdated Optimize Dep) @ http://localhost:4321/node_modules/.vite/deps/three_examples_jsm_postprocessing_ShaderPass__js.js?v=d173df78:0
[   27842ms] [ERROR] Failed to load resource: the server responded with a status of 504 (Outdated Optimize Dep) @ http://localhost:4321/node_modules/.vite/deps/three_examples_jsm_postprocessing_SavePass__js.js?v=ab374519:0
[   27842ms] [ERROR] Failed to load resource: the server responded with a status of 504 (Outdated Optimize Dep) @ http://localhost:4321/node_modules/.vite/deps/three_examples_jsm_shaders_FXAAShader__js.js?v=cb79790e:0
[   27861ms] [ERROR] Failed to load resource: the server responded with a status of 504 (Outdated Optimize Dep) @ http://localhost:4321/node_modules/.vite/deps/astro___aria-query.js?v=0a236ba4:0
[   27861ms] [ERROR] Failed to load resource: the server responded with a status of 504 (Outdated Optimize Dep) @ http://localhost:4321/node_modules/.vite/deps/astro___axobject-query.js?v=0a236ba4:0
[   27861ms] Failed to fetch dynamically imported module: http://localhost:4321/node_modules/astro/dist/runtime/client/dev-toolbar/apps/audit/index.js?v=40c3612a
