[    7622ms] [ERROR] Not signed in with the identity provider. @ https://x.com/AlexCristache/status/1891057431884489147:0
[    7865ms] [ERROR] Failed to load resource: the server responded with a status of 400 () @ https://api.x.com/1.1/onboarding/referrer.json:0
[    8403ms] [ERROR] Failed to load resource: the server responded with a status of 403 () @ https://api.x.com/1.1/graphql/error_log.json:0
[   11767ms] [WARNING] In a sandboxed environment, addEventListener may not behave as expected. @ https://us.cmycubes.com/cdn/wpm/s3c1f2529w4065d210p03530cb8m151179d6m.js:0
[   12052ms] [WARNING] In a sandboxed environment, addEventListener may not behave as expected. @ https://us.cmycubes.com/cdn/wpm/s3c1f2529w4065d210p03530cb8m151179d6m.js:0
[   12074ms] [WARNING] In a sandboxed environment, addEventListener may not behave as expected. @ https://us.cmycubes.com/cdn/wpm/s3c1f2529w4065d210p03530cb8m151179d6m.js:0
[   12567ms] [WARNING] A preload for 'https://shop.app/checkouts/internal/preloads.js?locale=en-US&shop_id=47585132708' is found, but is not used because the request credentials mode does not match. Consider taking a look at crossorigin attribute. @ https://us.cmycubes.com/blogs/cmycubes/how-do-cmy-cubes-work-the-colorful-science-behind-the-magic?srsltid=AfmBOorh5EiRzEgFFa8kez8Qtt00t-XqdsSVVnbRAVVghAhbHrcbmfHh&shpxid=3a6e7336-8a13-4dcf-a7fa-72fa1b8af55e:71
[   12615ms] [WARNING] A preload for 'https://us.cmycubes.com/cdn/shopifycloud/storefront/assets/storefront/load_feature-a0a9edcb.js' is found, but is not used due to an integrity mismatch. @ https://us.cmycubes.com/blogs/cmycubes/how-do-cmy-cubes-work-the-colorful-science-behind-the-magic?srsltid=AfmBOorh5EiRzEgFFa8kez8Qtt00t-XqdsSVVnbRAVVghAhbHrcbmfHh&shpxid=3a6e7336-8a13-4dcf-a7fa-72fa1b8af55e:71
[   12633ms] [WARNING] A preload for 'https://us.cmycubes.com/cdn/shopifycloud/storefront/assets/shopify_pay/storefront-65b4c6d7.js?v=20250812' is found, but is not used because the request credentials mode does not match. Consider taking a look at crossorigin attribute. @ https://us.cmycubes.com/blogs/cmycubes/how-do-cmy-cubes-work-the-colorful-science-behind-the-magic?srsltid=AfmBOorh5EiRzEgFFa8kez8Qtt00t-XqdsSVVnbRAVVghAhbHrcbmfHh&shpxid=3a6e7336-8a13-4dcf-a7fa-72fa1b8af55e:71
[   12939ms] [ERROR] Failed to load resource: the server responded with a status of 404 () @ https://cdn.pushowl.com/latest/sdks/pushowl-main.js?environment=production&guid=2c13ffb4-b0ca-4b2b-8242-5c084aafbdb6:0
[   13000ms] Uncaught NotSupportedError: Failed to execute 'define' on 'CustomElementRegistry': the name "inbox-online-store-chat" has already been used with this registry
    at window.clarityOverrides.define.window.customElements.define (https://scripts.clarity.ms/0.8.54-beta/clarity.js:1:75065)
    at <anonymous> (https://cdn.shopify.com/extensions/4317cf25-1d18-4115-b460-deb220566fdf/inbox-782/assets/shopifyChatV1Widget.js?button_color=%23000000&sc=%23ffffff&tc=%236a6a6a&i=chat_bubble&t=no_text&p=bottom_right&vp=lowest&shop_id=abBIyvwVSos-C6tQLX1WODqZfCiWFyQrayhPCmAvsXk&shop=www.cmycubes.com:1:793454)
    at <anonymous> (https://cdn.shopify.com/extensions/4317cf25-1d18-4115-b460-deb220566fdf/inbox-782/assets/shopifyChatV1Widget.js?button_color=%23000000&sc=%23ffffff&tc=%236a6a6a&i=chat_bubble&t=no_text&p=bottom_right&vp=lowest&shop_id=abBIyvwVSos-C6tQLX1WODqZfCiWFyQrayhPCmAvsXk&shop=www.cmycubes.com:1:795197)
    at <anonymous> (https://cdn.shopify.com/extensions/4317cf25-1d18-4115-b460-deb220566fdf/inbox-782/assets/shopifyChatV1Widget.js?button_color=%23000000&sc=%23ffffff&tc=%236a6a6a&i=chat_bubble&t=no_text&p=bottom_right&vp=lowest&shop_id=abBIyvwVSos-C6tQLX1WODqZfCiWFyQrayhPCmAvsXk&shop=www.cmycubes.com:1:795201)
[   13055ms] Cannot use import statement outside a module
[   13109ms] Cannot use import statement outside a module
[   13140ms] Cannot use import statement outside a module
[   13203ms] Uncaught Error: Goaffpro is already loaded. This message prevents duplicate loading of the script. Kindly ignore.
    at <anonymous> (https://cdn.shopify.com/proxy/2c57547c9583774d82c7bcfa0d6413bf6f7e6da7573b9e82a0a706c3adb3684a/api.goaffpro.com/loader.js?shop=cmy-cubes.myshopify.com&sp-cache-control=cHVibGljLCBtYXgtYWdlPTkwMA:0:49)
[   14526ms] [ERROR] Widget appropriate request error: Unavaliable product @ https://cdn.shopify.com/extensions/d28e1ec2-6292-4105-93bc-76eed1989032/inbox-1255/assets/shopifyChatV1Widget.js:1
[   38908ms] [ERROR] Failed to load resource: the server responded with a status of 404 (Not Found) @ http://www.huevaluechroma.com/favicon.ico:0
