[  180476ms] [WARNING] loadImmediately is set to false and widget.load() has not been called on window.HubSpotConversations yet. Please call widget.load() first or set loadImmediately on window.hsConversationsSettings to true. @ https://js.usemessages.com/conversations-embed.js:0
[  188827ms] [WARNING] Origin trial controlled feature not enabled: 'language-model'. @ https://public.codepenassets.com/embed/index.js?v=d2eb6874221771334345:0
[  188827ms] [WARNING] Origin trial controlled feature not enabled: 'rewriter'. @ https://public.codepenassets.com/embed/index.js?v=d2eb6874221771334345:0
[  188827ms] [WARNING] Origin trial controlled feature not enabled: 'writer'. @ https://public.codepenassets.com/embed/index.js?v=d2eb6874221771334345:0
[  189084ms] [ERROR] Failed to load resource: the server responded with a status of 404 () @ https://codepen.io/GreenSock/embed/ZEpNLZa?height=450&slug-hash=ZEpNLZa&user=GreenSock&default-tab=html%2Cresult&name=cp_embed_2:0
[  189084ms] [ERROR] Failed to load resource: the server responded with a status of 404 () @ https://codepen.io/GreenSock/embed/ZEpNLZa?height=450&slug-hash=ZEpNLZa&user=GreenSock&default-tab=html%2Cresult&name=cp_embed_2:0
[  189128ms] [WARNING] Origin trial controlled feature not enabled: 'language-model'. @ https://codepen.io/AkhilRaja/embed/PopdVMe?height=450&slug-hash=PopdVMe&user=AkhilRaja&default-tab=html%2Cresult&name=cp_embed_1:281
[  189128ms] [WARNING] Origin trial controlled feature not enabled: 'rewriter'. @ https://codepen.io/AkhilRaja/embed/PopdVMe?height=450&slug-hash=PopdVMe&user=AkhilRaja&default-tab=html%2Cresult&name=cp_embed_1:281
[  189128ms] [WARNING] Origin trial controlled feature not enabled: 'writer'. @ https://codepen.io/AkhilRaja/embed/PopdVMe?height=450&slug-hash=PopdVMe&user=AkhilRaja&default-tab=html%2Cresult&name=cp_embed_1:281
[  189084ms] [ERROR] Failed to load resource: the server responded with a status of 404 () @ https://codepen.io/GreenSock/embed/ZEpNLZa?height=450&slug-hash=ZEpNLZa&user=GreenSock&default-tab=html%2Cresult&name=cp_embed_2:0
[  189128ms] [WARNING] Origin trial controlled feature not enabled: 'language-model'. @ https://codepen.io/AkhilRaja/embed/PopdVMe?height=450&slug-hash=PopdVMe&user=AkhilRaja&default-tab=html%2Cresult&name=cp_embed_1:281
[  189128ms] [WARNING] Origin trial controlled feature not enabled: 'rewriter'. @ https://codepen.io/AkhilRaja/embed/PopdVMe?height=450&slug-hash=PopdVMe&user=AkhilRaja&default-tab=html%2Cresult&name=cp_embed_1:281
[  189128ms] [WARNING] Origin trial controlled feature not enabled: 'writer'. @ https://codepen.io/AkhilRaja/embed/PopdVMe?height=450&slug-hash=PopdVMe&user=AkhilRaja&default-tab=html%2Cresult&name=cp_embed_1:281
[  192484ms] [WARNING] Origin trial controlled feature not enabled: 'language-model'. @ https://public.codepenassets.com/embed/index.js?v=d2eb6874221771334345:0
[  192484ms] [WARNING] Origin trial controlled feature not enabled: 'rewriter'. @ https://public.codepenassets.com/embed/index.js?v=d2eb6874221771334345:0
[  192484ms] [WARNING] Origin trial controlled feature not enabled: 'writer'. @ https://public.codepenassets.com/embed/index.js?v=d2eb6874221771334345:0
[  192646ms] [ERROR] Failed to load resource: the server responded with a status of 403 (Forbidden) @ https://gsap.com/community/scrolltrigger?do=embed:0
[  192651ms] [ERROR] Failed to load resource: the server responded with a status of 404 () @ https://codepen.io/sukruemanet/embed/JjZrdmx?height=450&slug-hash=JjZrdmx&user=sukruemanet&default-tab=html%2Cresult&name=cp_embed_3:0
[  192651ms] [ERROR] Failed to load resource: the server responded with a status of 404 () @ https://codepen.io/sukruemanet/embed/JjZrdmx?height=450&slug-hash=JjZrdmx&user=sukruemanet&default-tab=html%2Cresult&name=cp_embed_3:0
[  192653ms] [ERROR] Failed to load resource: the server responded with a status of 404 () @ https://codepen.io/sukruemanet/embed/JjZrdmx?height=450&slug-hash=JjZrdmx&user=sukruemanet&default-tab=html%2Cresult&name=cp_embed_2:0
[  192651ms] [ERROR] Failed to load resource: the server responded with a status of 404 () @ https://codepen.io/sukruemanet/embed/JjZrdmx?height=450&slug-hash=JjZrdmx&user=sukruemanet&default-tab=html%2Cresult&name=cp_embed_3:0
[  192653ms] [ERROR] Failed to load resource: the server responded with a status of 404 () @ https://codepen.io/sukruemanet/embed/JjZrdmx?height=450&slug-hash=JjZrdmx&user=sukruemanet&default-tab=html%2Cresult&name=cp_embed_2:0
[  192659ms] [WARNING] Origin trial controlled feature not enabled: 'language-model'. @ https://codepen.io/GreenSock/embed/JjYPgdp?height=450&slug-hash=JjYPgdp&user=GreenSock&default-tab=html%2Cresult&name=cp_embed_1:245
[  192659ms] [WARNING] Origin trial controlled feature not enabled: 'rewriter'. @ https://codepen.io/GreenSock/embed/JjYPgdp?height=450&slug-hash=JjYPgdp&user=GreenSock&default-tab=html%2Cresult&name=cp_embed_1:245
[  192659ms] [WARNING] Origin trial controlled feature not enabled: 'writer'. @ https://codepen.io/GreenSock/embed/JjYPgdp?height=450&slug-hash=JjYPgdp&user=GreenSock&default-tab=html%2Cresult&name=cp_embed_1:245
[  192886ms] [ERROR] Failed to load resource: the server responded with a status of 403 (Forbidden) @ https://gsap.com/community/scrolltrigger?do=embed:0
[  192651ms] [ERROR] Failed to load resource: the server responded with a status of 404 () @ https://codepen.io/sukruemanet/embed/JjZrdmx?height=450&slug-hash=JjZrdmx&user=sukruemanet&default-tab=html%2Cresult&name=cp_embed_3:0
[  192653ms] [ERROR] Failed to load resource: the server responded with a status of 404 () @ https://codepen.io/sukruemanet/embed/JjZrdmx?height=450&slug-hash=JjZrdmx&user=sukruemanet&default-tab=html%2Cresult&name=cp_embed_2:0
[  192659ms] [WARNING] Origin trial controlled feature not enabled: 'language-model'. @ https://codepen.io/GreenSock/embed/JjYPgdp?height=450&slug-hash=JjYPgdp&user=GreenSock&default-tab=html%2Cresult&name=cp_embed_1:245
[  192659ms] [WARNING] Origin trial controlled feature not enabled: 'rewriter'. @ https://codepen.io/GreenSock/embed/JjYPgdp?height=450&slug-hash=JjYPgdp&user=GreenSock&default-tab=html%2Cresult&name=cp_embed_1:245
[  192659ms] [WARNING] Origin trial controlled feature not enabled: 'writer'. @ https://codepen.io/GreenSock/embed/JjYPgdp?height=450&slug-hash=JjYPgdp&user=GreenSock&default-tab=html%2Cresult&name=cp_embed_1:245
[  199247ms] [WARNING] No ad placements found. @ https://media.ethicalads.io/media/client/ethicalads.min.js:0
[  199268ms] [WARNING] Origin trial controlled feature not enabled: 'language-model'. @ https://cpwebassets.codepen.io/assets/embed/ei.js?ver=1.0.1:0
[  199268ms] [WARNING] Origin trial controlled feature not enabled: 'rewriter'. @ https://cpwebassets.codepen.io/assets/embed/ei.js?ver=1.0.1:0
[  199268ms] [WARNING] Origin trial controlled feature not enabled: 'writer'. @ https://cpwebassets.codepen.io/assets/embed/ei.js?ver=1.0.1:0
[  207874ms] [WARNING] Origin trial controlled feature not enabled: 'language-model'. @ https://codepen.io/anon/embed/MWEJXzx/d9557b8a3d864e6be3d37b1b1eb0d6df?animations=run&default-tab=result&editable=&height=502&name=cp_embed_1&slug-hash=d9557b8a3d864e6be3d37b1b1eb0d6df&theme-id=0:172
[  207874ms] [WARNING] Origin trial controlled feature not enabled: 'rewriter'. @ https://codepen.io/anon/embed/MWEJXzx/d9557b8a3d864e6be3d37b1b1eb0d6df?animations=run&default-tab=result&editable=&height=502&name=cp_embed_1&slug-hash=d9557b8a3d864e6be3d37b1b1eb0d6df&theme-id=0:172
[  207874ms] [WARNING] Origin trial controlled feature not enabled: 'writer'. @ https://codepen.io/anon/embed/MWEJXzx/d9557b8a3d864e6be3d37b1b1eb0d6df?animations=run&default-tab=result&editable=&height=502&name=cp_embed_1&slug-hash=d9557b8a3d864e6be3d37b1b1eb0d6df&theme-id=0:172
[  207874ms] [WARNING] Origin trial controlled feature not enabled: 'language-model'. @ https://codepen.io/anon/embed/MWEJXzx/d9557b8a3d864e6be3d37b1b1eb0d6df?animations=run&default-tab=result&editable=&height=502&name=cp_embed_1&slug-hash=d9557b8a3d864e6be3d37b1b1eb0d6df&theme-id=0:172
[  207874ms] [WARNING] Origin trial controlled feature not enabled: 'rewriter'. @ https://codepen.io/anon/embed/MWEJXzx/d9557b8a3d864e6be3d37b1b1eb0d6df?animations=run&default-tab=result&editable=&height=502&name=cp_embed_1&slug-hash=d9557b8a3d864e6be3d37b1b1eb0d6df&theme-id=0:172
[  207874ms] [WARNING] Origin trial controlled feature not enabled: 'writer'. @ https://codepen.io/anon/embed/MWEJXzx/d9557b8a3d864e6be3d37b1b1eb0d6df?animations=run&default-tab=result&editable=&height=502&name=cp_embed_1&slug-hash=d9557b8a3d864e6be3d37b1b1eb0d6df&theme-id=0:172
